app/build/intermediates/manifest_merge_blame_file/release/manifest-merger-blame-release-report.txt
1<?xml version="1.0" encoding="utf-8"?>
2<manifest xmlns:android="http://schemas.android.com/apk/res/android"
3    package="com.example.aws.blogapp"
4    android:versionCode="1"
5    android:versionName="1.0" >
6
7    <uses-sdk
8        android:minSdkVersion="16"
8-->src\main\AndroidManifest.xml
9        android:targetSdkVersion="32" />
9-->src\main\AndroidManifest.xml
10
11    <uses-permission android:name="android.permission.INTERNET" />
11-->src\main\AndroidManifest.xml:5:5-67
11-->src\main\AndroidManifest.xml:5:22-64
12    <uses-permission android:name="android.permission.WRITE_EXTERNAL_STORAGE" />
12-->src\main\AndroidManifest.xml:6:5-82
12-->src\main\AndroidManifest.xml:6:23-79
13    <uses-permission android:name="android.permission.READ_EXTERNAL_STORAGE" />
13-->src\main\AndroidManifest.xml:7:5-81
13-->src\main\AndroidManifest.xml:7:23-78
14    <uses-permission android:name="android.permission.WAKE_LOCK" />
14-->src\main\AndroidManifest.xml:8:5-67
14-->src\main\AndroidManifest.xml:8:22-65
15    <uses-permission android:name="android.permission.ACCESS_NETWORK_STATE" />
15-->[com.google.firebase:firebase-measurement-connector-impl:16.0.1] AndroidManifest.xml:23:5-79
15-->[com.google.firebase:firebase-measurement-connector-impl:16.0.1] AndroidManifest.xml:23:22-76
16    <uses-permission android:name="com.google.android.finsky.permission.BIND_GET_INSTALL_REFERRER_SERVICE" /> <!-- Required by older versions of Google Play services to create IID tokens -->
16-->[com.google.firebase:firebase-analytics:16.0.1] AndroidManifest.xml:26:5-110
16-->[com.google.firebase:firebase-analytics:16.0.1] AndroidManifest.xml:26:22-107
17    <uses-permission android:name="com.google.android.c2dm.permission.RECEIVE" />
17-->[com.google.firebase:firebase-iid:16.0.0] AndroidManifest.xml:26:5-82
17-->[com.google.firebase:firebase-iid:16.0.0] AndroidManifest.xml:26:22-79
18
19    <permission
19-->[com.google.firebase:firebase-iid:16.0.0] AndroidManifest.xml:28:5-30:47
20        android:name="com.example.aws.blogapp.permission.C2D_MESSAGE"
20-->[com.google.firebase:firebase-iid:16.0.0] AndroidManifest.xml:29:9-63
21        android:protectionLevel="signature" />
21-->[com.google.firebase:firebase-iid:16.0.0] AndroidManifest.xml:30:9-44
22
23    <uses-permission android:name="com.example.aws.blogapp.permission.C2D_MESSAGE" />
23-->[com.google.firebase:firebase-iid:16.0.0] AndroidManifest.xml:32:5-79
23-->[com.google.firebase:firebase-iid:16.0.0] AndroidManifest.xml:32:22-76
24
25    <application
25-->src\main\AndroidManifest.xml:9:5-42:19
26        android:allowBackup="true"
26-->src\main\AndroidManifest.xml:10:9-35
27        android:icon="@mipmap/logo"
27-->src\main\AndroidManifest.xml:11:9-36
28        android:label="@string/app_name"
28-->src\main\AndroidManifest.xml:12:9-41
29        android:requestLegacyExternalStorage="true"
29-->src\main\AndroidManifest.xml:16:9-52
30        android:roundIcon="@mipmap/logo_round"
30-->src\main\AndroidManifest.xml:13:9-47
31        android:supportsRtl="true"
31-->src\main\AndroidManifest.xml:14:9-35
32        android:theme="@style/AppTheme" >
32-->src\main\AndroidManifest.xml:15:9-40
33        <activity
33-->src\main\AndroidManifest.xml:17:9-18:57
34            android:name="com.example.aws.blogapp.Activities.RegisterActivity"
34-->src\main\AndroidManifest.xml:17:19-62
35            android:windowSoftInputMode="adjustResize" />
35-->src\main\AndroidManifest.xml:18:13-55
36        <activity android:name="com.example.aws.blogapp.Activities.HomeActivity" />
36-->src\main\AndroidManifest.xml:19:9-61
36-->src\main\AndroidManifest.xml:19:19-58
37        <activity
37-->src\main\AndroidManifest.xml:20:9-21:57
38            android:name="com.example.aws.blogapp.Activities.LoginActivity"
38-->src\main\AndroidManifest.xml:20:19-59
39            android:windowSoftInputMode="adjustResize" />
39-->src\main\AndroidManifest.xml:21:13-55
40        <activity
40-->src\main\AndroidManifest.xml:22:9-28:20
41            android:name="com.example.aws.blogapp.Activities.SplashActivity"
41-->src\main\AndroidManifest.xml:22:19-60
42            android:exported="true" >
42-->src\main\AndroidManifest.xml:23:13-36
43            <intent-filter>
43-->src\main\AndroidManifest.xml:24:13-27:29
44                <action android:name="android.intent.action.MAIN" />
44-->src\main\AndroidManifest.xml:25:17-69
44-->src\main\AndroidManifest.xml:25:25-66
45
46                <category android:name="android.intent.category.LAUNCHER" />
46-->src\main\AndroidManifest.xml:26:17-77
46-->src\main\AndroidManifest.xml:26:27-74
47            </intent-filter>
48        </activity>
49        <activity
49-->src\main\AndroidManifest.xml:29:9-33:57
50            android:name="com.example.aws.blogapp.Activities.Home"
50-->src\main\AndroidManifest.xml:30:13-44
51            android:label="@string/title_activity_home"
51-->src\main\AndroidManifest.xml:31:13-56
52            android:theme="@style/AppTheme.NoActionBar"
52-->src\main\AndroidManifest.xml:32:13-56
53            android:windowSoftInputMode="adjustResize" />
53-->src\main\AndroidManifest.xml:33:13-55
54        <activity
54-->src\main\AndroidManifest.xml:34:9-36:58
55            android:name="com.example.aws.blogapp.Activities.PostDetailActivity"
55-->src\main\AndroidManifest.xml:35:13-58
56            android:windowSoftInputMode="adjustResize" />
56-->src\main\AndroidManifest.xml:36:13-55
57        <activity
57-->src\main\AndroidManifest.xml:37:9-41:57
58            android:name="com.example.aws.blogapp.Activities.ShoppingActivity"
58-->src\main\AndroidManifest.xml:38:13-56
59            android:label="@string/title_activity_shopping"
59-->src\main\AndroidManifest.xml:39:13-60
60            android:theme="@style/AppTheme.NoActionBar"
60-->src\main\AndroidManifest.xml:40:13-56
61            android:windowSoftInputMode="adjustResize" />
61-->src\main\AndroidManifest.xml:41:13-55
62        <activity
62-->[com.google.firebase:firebase-auth:16.0.1] AndroidManifest.xml:23:9-29:75
63            android:name="com.google.firebase.auth.internal.FederatedSignInActivity"
63-->[com.google.firebase:firebase-auth:16.0.1] AndroidManifest.xml:24:13-85
64            android:excludeFromRecents="true"
64-->[com.google.firebase:firebase-auth:16.0.1] AndroidManifest.xml:25:13-46
65            android:exported="true"
65-->[com.google.firebase:firebase-auth:16.0.1] AndroidManifest.xml:26:13-36
66            android:launchMode="singleInstance"
66-->[com.google.firebase:firebase-auth:16.0.1] AndroidManifest.xml:27:13-48
67            android:permission="com.google.firebase.auth.api.gms.permission.LAUNCH_FEDERATED_SIGN_IN"
67-->[com.google.firebase:firebase-auth:16.0.1] AndroidManifest.xml:28:13-102
68            android:theme="@android:style/Theme.Translucent.NoTitleBar" />
68-->[com.google.firebase:firebase-auth:16.0.1] AndroidManifest.xml:29:13-72
69
70        <service android:name="com.google.firebase.components.ComponentDiscoveryService" >
70-->[com.google.firebase:firebase-auth:16.0.1] AndroidManifest.xml:31:9-35:19
70-->[com.google.firebase:firebase-auth:16.0.1] AndroidManifest.xml:31:18-89
71            <meta-data
71-->[com.google.firebase:firebase-auth:16.0.1] AndroidManifest.xml:32:13-34:85
72                android:name="com.google.firebase.components:com.google.firebase.auth.FirebaseAuthRegistrar"
72-->[com.google.firebase:firebase-auth:16.0.1] AndroidManifest.xml:33:17-109
73                android:value="com.google.firebase.components.ComponentRegistrar" />
73-->[com.google.firebase:firebase-auth:16.0.1] AndroidManifest.xml:34:17-82
74            <meta-data
74-->[com.google.firebase:firebase-measurement-connector-impl:16.0.1] AndroidManifest.xml:28:13-30:85
75                android:name="com.google.firebase.components:com.google.firebase.analytics.connector.internal.AnalyticsConnectorRegistrar"
75-->[com.google.firebase:firebase-measurement-connector-impl:16.0.1] AndroidManifest.xml:29:17-139
76                android:value="com.google.firebase.components.ComponentRegistrar" />
76-->[com.google.firebase:firebase-measurement-connector-impl:16.0.1] AndroidManifest.xml:30:17-82
77            <meta-data
77-->[com.google.firebase:firebase-iid:16.0.0] AndroidManifest.xml:36:13-38:85
78                android:name="com.google.firebase.components:com.google.firebase.iid.Registrar"
78-->[com.google.firebase:firebase-iid:16.0.0] AndroidManifest.xml:37:17-96
79                android:value="com.google.firebase.components.ComponentRegistrar" />
79-->[com.google.firebase:firebase-iid:16.0.0] AndroidManifest.xml:38:17-82
80        </service>
81
82        <receiver
82-->[com.google.firebase:firebase-analytics:16.0.1] AndroidManifest.xml:29:9-33:20
83            android:name="com.google.android.gms.measurement.AppMeasurementReceiver"
83-->[com.google.firebase:firebase-analytics:16.0.1] AndroidManifest.xml:30:13-85
84            android:enabled="true"
84-->[com.google.firebase:firebase-analytics:16.0.1] AndroidManifest.xml:31:13-35
85            android:exported="false" >
85-->[com.google.firebase:firebase-analytics:16.0.1] AndroidManifest.xml:32:13-37
86        </receiver>
87        <receiver
87-->[com.google.firebase:firebase-analytics:16.0.1] AndroidManifest.xml:34:9-42:20
88            android:name="com.google.android.gms.measurement.AppMeasurementInstallReferrerReceiver"
88-->[com.google.firebase:firebase-analytics:16.0.1] AndroidManifest.xml:35:13-100
89            android:enabled="true"
89-->[com.google.firebase:firebase-analytics:16.0.1] AndroidManifest.xml:36:13-35
90            android:exported="true"
90-->[com.google.firebase:firebase-analytics:16.0.1] AndroidManifest.xml:37:13-36
91            android:permission="android.permission.INSTALL_PACKAGES" >
91-->[com.google.firebase:firebase-analytics:16.0.1] AndroidManifest.xml:38:13-69
92            <intent-filter>
92-->[com.google.firebase:firebase-analytics:16.0.1] AndroidManifest.xml:39:13-41:29
93                <action android:name="com.android.vending.INSTALL_REFERRER" />
93-->[com.google.firebase:firebase-analytics:16.0.1] AndroidManifest.xml:40:17-79
93-->[com.google.firebase:firebase-analytics:16.0.1] AndroidManifest.xml:40:25-76
94            </intent-filter>
95        </receiver>
96
97        <service
97-->[com.google.firebase:firebase-analytics:16.0.1] AndroidManifest.xml:44:9-47:40
98            android:name="com.google.android.gms.measurement.AppMeasurementService"
98-->[com.google.firebase:firebase-analytics:16.0.1] AndroidManifest.xml:45:13-84
99            android:enabled="true"
99-->[com.google.firebase:firebase-analytics:16.0.1] AndroidManifest.xml:46:13-35
100            android:exported="false" />
100-->[com.google.firebase:firebase-analytics:16.0.1] AndroidManifest.xml:47:13-37
101        <service
101-->[com.google.firebase:firebase-analytics:16.0.1] AndroidManifest.xml:48:9-52:72
102            android:name="com.google.android.gms.measurement.AppMeasurementJobService"
102-->[com.google.firebase:firebase-analytics:16.0.1] AndroidManifest.xml:49:13-87
103            android:enabled="true"
103-->[com.google.firebase:firebase-analytics:16.0.1] AndroidManifest.xml:50:13-35
104            android:exported="false"
104-->[com.google.firebase:firebase-analytics:16.0.1] AndroidManifest.xml:51:13-37
105            android:permission="android.permission.BIND_JOB_SERVICE" />
105-->[com.google.firebase:firebase-analytics:16.0.1] AndroidManifest.xml:52:13-69
106
107        <receiver
107-->[com.google.firebase:firebase-iid:16.0.0] AndroidManifest.xml:41:9-50:20
108            android:name="com.google.firebase.iid.FirebaseInstanceIdReceiver"
108-->[com.google.firebase:firebase-iid:16.0.0] AndroidManifest.xml:42:13-78
109            android:exported="true"
109-->[com.google.firebase:firebase-iid:16.0.0] AndroidManifest.xml:43:13-36
110            android:permission="com.google.android.c2dm.permission.SEND" >
110-->[com.google.firebase:firebase-iid:16.0.0] AndroidManifest.xml:44:13-73
111            <intent-filter>
111-->[com.google.firebase:firebase-iid:16.0.0] AndroidManifest.xml:45:13-49:29
112                <action android:name="com.google.android.c2dm.intent.RECEIVE" />
112-->[com.google.firebase:firebase-iid:16.0.0] AndroidManifest.xml:46:17-81
112-->[com.google.firebase:firebase-iid:16.0.0] AndroidManifest.xml:46:25-78
113
114                <category android:name="com.example.aws.blogapp" />
114-->[com.google.firebase:firebase-iid:16.0.0] AndroidManifest.xml:48:17-61
114-->[com.google.firebase:firebase-iid:16.0.0] AndroidManifest.xml:48:27-58
115            </intent-filter>
116        </receiver>
117        <!--
118             FirebaseInstanceIdService performs security checks at runtime,
119             no need for explicit permissions despite exported="true"
120        -->
121        <service
121-->[com.google.firebase:firebase-iid:16.0.0] AndroidManifest.xml:56:9-62:19
122            android:name="com.google.firebase.iid.FirebaseInstanceIdService"
122-->[com.google.firebase:firebase-iid:16.0.0] AndroidManifest.xml:57:13-77
123            android:exported="true" >
123-->[com.google.firebase:firebase-iid:16.0.0] AndroidManifest.xml:58:13-36
124            <intent-filter android:priority="-500" >
124-->[com.google.firebase:firebase-iid:16.0.0] AndroidManifest.xml:59:13-61:29
124-->[com.google.firebase:firebase-iid:16.0.0] AndroidManifest.xml:59:28-51
125                <action android:name="com.google.firebase.INSTANCE_ID_EVENT" />
125-->[com.google.firebase:firebase-iid:16.0.0] AndroidManifest.xml:60:17-80
125-->[com.google.firebase:firebase-iid:16.0.0] AndroidManifest.xml:60:25-77
126            </intent-filter>
127        </service>
128
129        <activity
129-->[com.google.android.gms:play-services-base:15.0.1] AndroidManifest.xml:23:9-26:75
130            android:name="com.google.android.gms.common.api.GoogleApiActivity"
130-->[com.google.android.gms:play-services-base:15.0.1] AndroidManifest.xml:24:13-79
131            android:exported="false"
131-->[com.google.android.gms:play-services-base:15.0.1] AndroidManifest.xml:25:13-37
132            android:theme="@android:style/Theme.Translucent.NoTitleBar" />
132-->[com.google.android.gms:play-services-base:15.0.1] AndroidManifest.xml:26:13-72
133
134        <provider
134-->[com.google.firebase:firebase-common:16.0.0] AndroidManifest.xml:9:9-13:39
135            android:name="com.google.firebase.provider.FirebaseInitProvider"
135-->[com.google.firebase:firebase-common:16.0.0] AndroidManifest.xml:10:13-77
136            android:authorities="com.example.aws.blogapp.firebaseinitprovider"
136-->[com.google.firebase:firebase-common:16.0.0] AndroidManifest.xml:11:13-72
137            android:exported="false"
137-->[com.google.firebase:firebase-common:16.0.0] AndroidManifest.xml:12:13-37
138            android:initOrder="100" />
138-->[com.google.firebase:firebase-common:16.0.0] AndroidManifest.xml:13:13-36
139
140        <meta-data
140-->[com.google.android.gms:play-services-basement:15.0.1] AndroidManifest.xml:23:9-25:69
141            android:name="com.google.android.gms.version"
141-->[com.google.android.gms:play-services-basement:15.0.1] AndroidManifest.xml:24:13-58
142            android:value="@integer/google_play_services_version" />
142-->[com.google.android.gms:play-services-basement:15.0.1] AndroidManifest.xml:25:13-66
143    </application>
144
145</manifest>